24/12/2024, 11:20:12 am - Error: Invalid email or password (password mismatch).
Route: /login

24/12/2024, 1:44:10 pm - Error: Invalid email or password (password mismatch).
Route: /login

24/12/2024, 1:47:06 pm - Error: Cannot read properties of null (reading 'user_id')
Route: /login

24/12/2024, 6:22:35 pm - Error: Invalid email or password (password mismatch).
Route: /login

26/12/2024, 1:44:46 pm - Error: Unknown column 'time_at' in 'field list'
Route: /project/updateEnvs

26/12/2024, 5:00:54 pm - Error: read ECONNRESET
Route: /project/updateEnvs

27/12/2024, 4:58:18 pm - Error: Error getting User Roles : User role not found
Route: /getUserRoleScope

27/12/2024, 4:58:30 pm - Error: Error getting User Roles : User role not found
Route: /getUserRoleScope

27/12/2024, 5:05:16 pm - Error: Error getting User Roles : User role not found
Route: /getUserRoleScope

27/12/2024, 5:05:27 pm - Error: Error getting User Roles : User role not found
Route: /getUserRoleScope

27/12/2024, 5:10:30 pm - Error: Error getting User Roles : User role not found
Route: /getUserRoleScope

27/12/2024, 5:14:16 pm - Error: Error getting User Roles : User role not found
Route: /getUserRoleScope

23/1/2025, 10:02:14 pm - Error: Cannot read properties of null (reading 'user_id')
Route: /login

6/3/2025, 2:07:36 pm - Error: Invalid email or password (password mismatch).
Route: /login

20/5/2025, 3:45:24 pm - Error: Page not found
Route: /.well-known/appspecific/com.chrome.devtools.json

20/5/2025, 3:46:46 pm - Error: Page not found
Route: /.well-known/appspecific/com.chrome.devtools.json

20/5/2025, 3:47:24 pm - Error: Page not found
Route: /.well-known/appspecific/com.chrome.devtools.json

20/5/2025, 3:47:27 pm - Error: Page not found
Route: /.well-known/appspecific/com.chrome.devtools.json

20/5/2025, 3:47:30 pm - Error: Page not found
Route: /.well-known/appspecific/com.chrome.devtools.json

20/5/2025, 3:48:19 pm - Error: Page not found
Route: /.well-known/appspecific/com.chrome.devtools.json

20/5/2025, 3:48:25 pm - Error: Page not found
Route: /.well-known/appspecific/com.chrome.devtools.json

20/5/2025, 3:48:29 pm - Error: Page not found
Route: /.well-known/appspecific/com.chrome.devtools.json

20/5/2025, 3:48:44 pm - Error: Page not found
Route: /.well-known/appspecific/com.chrome.devtools.json

20/5/2025, 3:48:46 pm - Error: Page not found
Route: /.well-known/appspecific/com.chrome.devtools.json

20/5/2025, 3:48:48 pm - Error: Page not found
Route: /.well-known/appspecific/com.chrome.devtools.json

20/5/2025, 3:49:16 pm - Error: Page not found
Route: /.well-known/appspecific/com.chrome.devtools.json

20/5/2025, 3:49:40 pm - Error: Page not found
Route: /.well-known/appspecific/com.chrome.devtools.json

20/5/2025, 3:49:42 pm - Error: Page not found
Route: /.well-known/appspecific/com.chrome.devtools.json

20/5/2025, 3:49:42 pm - Error: Page not found
Route: /.well-known/appspecific/com.chrome.devtools.json

20/5/2025, 3:52:31 pm - Error: Page not found
Route: /.well-known/appspecific/com.chrome.devtools.json

20/5/2025, 3:52:33 pm - Error: Page not found
Route: /.well-known/appspecific/com.chrome.devtools.json

20/5/2025, 3:52:35 pm - Error: Page not found
Route: /.well-known/appspecific/com.chrome.devtools.json

20/5/2025, 3:52:37 pm - Error: Page not found
Route: /.well-known/appspecific/com.chrome.devtools.json

20/5/2025, 3:52:39 pm - Error: Page not found
Route: /.well-known/appspecific/com.chrome.devtools.json

20/5/2025, 3:52:51 pm - Error: Page not found
Route: /.well-known/appspecific/com.chrome.devtools.json

20/5/2025, 3:53:51 pm - Error: Page not found
Route: /.well-known/appspecific/com.chrome.devtools.json

20/5/2025, 3:53:52 pm - Error: Page not found
Route: /.well-known/appspecific/com.chrome.devtools.json

20/5/2025, 3:53:54 pm - Error: Page not found
Route: /.well-known/appspecific/com.chrome.devtools.json

20/5/2025, 3:53:56 pm - Error: Page not found
Route: /.well-known/appspecific/com.chrome.devtools.json

20/5/2025, 3:53:58 pm - Error: Page not found
Route: /.well-known/appspecific/com.chrome.devtools.json

20/5/2025, 3:54:22 pm - Error: Page not found
Route: /.well-known/appspecific/com.chrome.devtools.json

20/5/2025, 3:54:24 pm - Error: Page not found
Route: /.well-known/appspecific/com.chrome.devtools.json

20/5/2025, 3:54:26 pm - Error: Page not found
Route: /.well-known/appspecific/com.chrome.devtools.json

20/5/2025, 3:54:27 pm - Error: Page not found
Route: /.well-known/appspecific/com.chrome.devtools.json

20/5/2025, 3:54:30 pm - Error: Page not found
Route: /.well-known/appspecific/com.chrome.devtools.json

20/5/2025, 3:55:09 pm - Error: Page not found
Route: /.well-known/appspecific/com.chrome.devtools.json

20/5/2025, 3:55:12 pm - Error: Page not found
Route: /.well-known/appspecific/com.chrome.devtools.json

20/5/2025, 3:55:14 pm - Error: Page not found
Route: /.well-known/appspecific/com.chrome.devtools.json

20/5/2025, 3:55:15 pm - Error: Page not found
Route: /.well-known/appspecific/com.chrome.devtools.json

20/5/2025, 3:56:45 pm - Error: Page not found
Route: /.well-known/appspecific/com.chrome.devtools.json

20/5/2025, 3:56:47 pm - Error: Page not found
Route: /.well-known/appspecific/com.chrome.devtools.json

20/5/2025, 3:56:49 pm - Error: Page not found
Route: /.well-known/appspecific/com.chrome.devtools.json

20/5/2025, 3:56:51 pm - Error: Page not found
Route: /.well-known/appspecific/com.chrome.devtools.json

20/5/2025, 3:56:53 pm - Error: Page not found
Route: /.well-known/appspecific/com.chrome.devtools.json

20/5/2025, 3:57:09 pm - Error: Page not found
Route: /.well-known/appspecific/com.chrome.devtools.json

20/5/2025, 3:57:11 pm - Error: Page not found
Route: /.well-known/appspecific/com.chrome.devtools.json

20/5/2025, 3:57:13 pm - Error: Page not found
Route: /.well-known/appspecific/com.chrome.devtools.json

20/5/2025, 3:57:15 pm - Error: Page not found
Route: /.well-known/appspecific/com.chrome.devtools.json

20/5/2025, 3:57:18 pm - Error: Page not found
Route: /.well-known/appspecific/com.chrome.devtools.json

20/5/2025, 3:57:20 pm - Error: Page not found
Route: /.well-known/appspecific/com.chrome.devtools.json

20/5/2025, 3:57:29 pm - Error: Page not found
Route: /.well-known/appspecific/com.chrome.devtools.json

20/5/2025, 3:57:31 pm - Error: Page not found
Route: /.well-known/appspecific/com.chrome.devtools.json

20/5/2025, 3:57:33 pm - Error: Page not found
Route: /.well-known/appspecific/com.chrome.devtools.json

20/5/2025, 3:57:35 pm - Error: Page not found
Route: /.well-known/appspecific/com.chrome.devtools.json

20/5/2025, 3:59:56 pm - Error: Page not found
Route: /.well-known/appspecific/com.chrome.devtools.json

20/5/2025, 3:59:58 pm - Error: Page not found
Route: /.well-known/appspecific/com.chrome.devtools.json

20/5/2025, 4:00:00 pm - Error: Page not found
Route: /.well-known/appspecific/com.chrome.devtools.json

20/5/2025, 4:00:02 pm - Error: Page not found
Route: /.well-known/appspecific/com.chrome.devtools.json

20/5/2025, 4:00:06 pm - Error: Page not found
Route: /.well-known/appspecific/com.chrome.devtools.json

20/5/2025, 4:00:18 pm - Error: Page not found
Route: /.well-known/appspecific/com.chrome.devtools.json

20/5/2025, 4:00:26 pm - Error: Page not found
Route: /.well-known/appspecific/com.chrome.devtools.json

20/5/2025, 4:03:31 pm - Error: Page not found
Route: /.well-known/appspecific/com.chrome.devtools.json

20/5/2025, 4:03:35 pm - Error: Page not found
Route: /.well-known/appspecific/com.chrome.devtools.json

31/5/2025, 2:15:08 pm - Error: Invalid email or password (password mismatch).
Route: /login

31/5/2025, 2:16:10 pm - Error: Error getting User Roles : User role not found
Route: /getUserRoleScope

31/5/2025, 2:17:34 pm - Error: Page not found
Route: /.well-known/appspecific/com.chrome.devtools.json

31/5/2025, 2:18:56 pm - Error: Page not found
Route: /.well-known/appspecific/com.chrome.devtools.json

31/5/2025, 2:26:40 pm - Error: Cannot read properties of null (reading 'user_id')
Route: /login

31/5/2025, 2:27:10 pm - Error: Error getting User Roles : User role not found
Route: /getUserRoleScope

31/5/2025, 2:35:53 pm - Error: Cannot read properties of null (reading 'user_id')
Route: /login

31/5/2025, 2:36:45 pm - Error: Invalid login: 535-5.7.8 Username and Password not accepted. For more information, go to
535 5.7.8  https://support.google.com/mail/?p=BadCredentials d9443c01a7336-23506cf53dasm39435835ad.184 - gsmtp
Route: /postUser_roles

31/5/2025, 2:42:49 pm - Error: Invalid login: 535-5.7.8 Username and Password not accepted. For more information, go to
535 5.7.8  https://support.google.com/mail/?p=BadCredentials d9443c01a7336-23506cd38e0sm39504985ad.138 - gsmtp
Route: /postUser_roles

31/5/2025, 2:47:03 pm - Error: Error getting User Roles : User role not found
Route: /getUserRoleScope

31/5/2025, 2:50:07 pm - Error: Invalid login: 535-5.7.8 Username and Password not accepted. For more information, go to
535 5.7.8  https://support.google.com/mail/?p=BadCredentials 98e67ed59e1d1-3124e3c1358sm2621054a91.37 - gsmtp
Route: /postUser_roles

31/5/2025, 3:00:16 pm - Error: Error Deleting Project: Authorization error
Route: /project/delete

